#! /c/iverilog/bin/vvp
:ivl_version "0.9.7 " "(v0_9_7)";
:vpi_time_precision - 1;
:vpi_module "system";
:vpi_module "v2005_math";
:vpi_module "va_math";
S_011E1F30 .scope module, "and2_TB" "and2_TB" 2 5;
 .timescale 0 -1;
v008423E0_0 .var "a", 0 0;
v011E3F78_0 .var "b", 0 0;
v011E3FD0_0 .net "y", 0 0, L_011E2040; 1 drivers
S_011E1FB8 .scope module, "iand2" "and2" 2 10, 3 2, S_011E1F30;
 .timescale 0 -1;
L_011E2040 .functor AND 1, v008423E0_0, v011E3F78_0, C4<1>, C4<1>;
v008422D8_0 .net "a", 0 0, v008423E0_0; 1 drivers
v00842330_0 .net "b", 0 0, v011E3F78_0; 1 drivers
v00842388_0 .alias "y", 0 0, v011E3FD0_0;
    .scope S_011E1F30;
T_0 ;
    %vpi_call 2 14 "$monitor", "a=%b, b=%b, y=%b", v008423E0_0, v011E3F78_0, v011E3FD0_0;
    %vpi_call 2 15 "$dumpfile", "and_gate.vcd";
    %vpi_call 2 16 "$dumpvars", 1'sb0, S_011E1F30;
    %set/v v008423E0_0, 0, 1;
    %set/v v011E3F78_0, 0, 1;
    %delay 100, 0;
    %set/v v008423E0_0, 0, 1;
    %set/v v011E3F78_0, 1, 1;
    %delay 100, 0;
    %set/v v008423E0_0, 1, 1;
    %set/v v011E3F78_0, 0, 1;
    %delay 100, 0;
    %set/v v008423E0_0, 1, 1;
    %set/v v011E3F78_0, 1, 1;
    %delay 100, 0;
    %vpi_call 2 21 "$finish";
    %end;
    .thread T_0;
# The file index is used to find the file name in the following table.
:file_names 4;
    "N/A";
    "<interactive>";
    "and_gateTB.v";
    "./and_gate.v";
