#! /c/iverilog/bin/vvp
:ivl_version "0.9.7 " "(v0_9_7)";
:vpi_time_precision + 0;
:vpi_module "system";
:vpi_module "v2005_math";
:vpi_module "va_math";
S_00F98A50 .scope module, "full_subtractorTB" "full_subtractorTB" 2 1;
 .timescale 0 0;
v00FF4E58_0 .var "a", 0 0;
v00FF50C0_0 .var "b", 0 0;
v00FF4D50_0 .var "bin", 0 0;
v00FF4F60_0 .net "borrow", 0 0, L_00FD3E58; 1 drivers
v00FF4FB8_0 .net "difference", 0 0, L_00FD3E20; 1 drivers
v00FF4CA0_0 .var/i "i", 31 0;
S_00F98AD8 .scope module, "dut" "full_subtractor" 2 6, 3 11, S_00F98A50;
 .timescale 0 0;
L_00FD3E58 .functor OR 1, L_00FD3F38, L_00F9EE38, C4<0>, C4<0>;
v00FF4DA8_0 .net "a", 0 0, v00FF4E58_0; 1 drivers
v00FF5010_0 .net "b", 0 0, v00FF50C0_0; 1 drivers
v00FF4E00_0 .net "bin", 0 0, v00FF4D50_0; 1 drivers
v00FF5118_0 .alias "borrow", 0 0, v00FF4F60_0;
v00FF4CF8_0 .alias "difference", 0 0, v00FF4FB8_0;
v00FF4EB0_0 .net "w1", 0 0, L_00FD3EC8; 1 drivers
v00FF4F08_0 .net "w2", 0 0, L_00FD3F38; 1 drivers
v00FF4C48_0 .net "w3", 0 0, L_00F9EE38; 1 drivers
S_00F98F18 .scope module, "h1" "half_subtractor" 3 19, 3 1, S_00F98AD8;
 .timescale 0 0;
L_00FD3EC8 .functor XOR 1, v00FF4E58_0, v00FF50C0_0, C4<0>, C4<0>;
L_00FD3F00 .functor NOT 1, v00FF4E58_0, C4<0>, C4<0>, C4<0>;
L_00FD3F38 .functor AND 1, L_00FD3F00, v00FF50C0_0, C4<1>, C4<1>;
v00FD3330_0 .net *"_s2", 0 0, L_00FD3F00; 1 drivers
v00F91F18_0 .alias "a", 0 0, v00FF4DA8_0;
v00F91F70_0 .alias "b", 0 0, v00FF5010_0;
v00F91FC8_0 .alias "borrow", 0 0, v00FF4F08_0;
v00FF5278_0 .alias "difference", 0 0, v00FF4EB0_0;
S_00F99028 .scope module, "h2" "half_subtractor" 3 20, 3 1, S_00F98AD8;
 .timescale 0 0;
L_00FD3E20 .functor XOR 1, L_00FD3EC8, v00FF4D50_0, C4<0>, C4<0>;
L_00F92020 .functor NOT 1, L_00FD3EC8, C4<0>, C4<0>, C4<0>;
L_00F9EE38 .functor AND 1, L_00F92020, v00FF4D50_0, C4<1>, C4<1>;
v00F99F78_0 .net *"_s2", 0 0, L_00F92020; 1 drivers
v00F99FD0_0 .alias "a", 0 0, v00FF4EB0_0;
v00F9A028_0 .alias "b", 0 0, v00FF4E00_0;
v00FD3280_0 .alias "borrow", 0 0, v00FF4C48_0;
v00FD32D8_0 .alias "difference", 0 0, v00FF4FB8_0;
    .scope S_00F98A50;
T_0 ;
    %vpi_call 2 15 "$dumpfile", "subtractor.vcd";
    %vpi_call 2 16 "$dumpvars", 1'sb0, S_00F98A50;
    %set/v v00FF4CA0_0, 0, 32;
T_0.0 ;
    %load/v 8, v00FF4CA0_0, 32;
   %cmpi/s 8, 8, 32;
    %jmp/0xz T_0.1, 5;
    %load/v 8, v00FF4CA0_0, 32;
    %set/v v00FF4D50_0, 8, 1;
    %set/v v00FF50C0_0, 9, 1;
    %set/v v00FF4E58_0, 10, 1;
    %delay 10, 0;
    %vpi_call 2 20 "$display", "time = %0t | a=%b | b=%b | bin=%b | difference=%b | borrow=%b", $time, v00FF4E58_0, v00FF50C0_0, v00FF4D50_0, v00FF4FB8_0, v00FF4F60_0;
    %ix/load 0, 1, 0;
    %load/vp0/s 8, v00FF4CA0_0, 32;
    %set/v v00FF4CA0_0, 8, 32;
    %jmp T_0.0;
T_0.1 ;
    %vpi_call 2 22 "$finish";
    %end;
    .thread T_0;
# The file index is used to find the file name in the following table.
:file_names 4;
    "N/A";
    "<interactive>";
    "subtractorTB.v";
    "subtractor.v";
