#! /c/iverilog/bin/vvp
:ivl_version "0.9.7 " "(v0_9_7)";
:vpi_time_precision - 12;
:vpi_module "system";
:vpi_module "v2005_math";
:vpi_module "va_math";
S_0112D7A8 .scope module, "tb_full_adder" "tb_full_adder" 2 2;
 .timescale -9 -12;
v00FB4D40_0 .var "a", 0 0;
v00FB51B8_0 .var "b", 0 0;
v00FB5000_0 .var "c_in", 0 0;
v00FB4F50_0 .net "carry_out", 0 0, L_00FB57C0; 1 drivers
v00FB5210_0 .net "sum", 0 0, L_0112BB20; 1 drivers
S_0112DA50 .scope module, "dut" "full_adder" 2 6, 3 2, S_0112D7A8;
 .timescale -9 -12;
L_0112E050 .functor XOR 1, v00FB4D40_0, v00FB51B8_0, C4<0>, C4<0>;
L_0112BB20 .functor XOR 1, L_0112E050, v00FB5000_0, C4<0>, C4<0>;
L_0112BC00 .functor AND 1, v00FB4D40_0, v00FB51B8_0, C4<1>, C4<1>;
L_0112BC38 .functor AND 1, v00FB4D40_0, v00FB5000_0, C4<1>, C4<1>;
L_011255F0 .functor OR 1, L_0112BC00, L_0112BC38, C4<0>, C4<0>;
L_0112E358 .functor AND 1, v00FB5000_0, v00FB51B8_0, C4<1>, C4<1>;
L_00FB57C0 .functor OR 1, L_011255F0, L_0112E358, C4<0>, C4<0>;
v0112C980_0 .net *"_s0", 0 0, L_0112E050; 1 drivers
v0112DFA0_0 .net *"_s10", 0 0, L_0112E358; 1 drivers
v0112DFF8_0 .net *"_s4", 0 0, L_0112BC00; 1 drivers
v011254E8_0 .net *"_s6", 0 0, L_0112BC38; 1 drivers
v01125540_0 .net *"_s8", 0 0, L_011255F0; 1 drivers
v01125598_0 .net "a", 0 0, v00FB4D40_0; 1 drivers
v01121F30_0 .net "b", 0 0, v00FB51B8_0; 1 drivers
v01121F88_0 .net "c_in", 0 0, v00FB5000_0; 1 drivers
v01121FE0_0 .alias "carry_out", 0 0, v00FB4F50_0;
v01122038_0 .alias "sum", 0 0, v00FB5210_0;
    .scope S_0112D7A8;
T_0 ;
    %vpi_call 2 9 "$dumpfile", "fullAdderTB.vcd";
    %vpi_call 2 10 "$dumpvars", 1'sb0, S_0112D7A8;
    %end;
    .thread T_0;
    .scope S_0112D7A8;
T_1 ;
    %vpi_call 2 15 "$display", "Testing full adder";
    %vpi_call 2 16 "$monitor", "a = %b, b =%b, c_in = %b, sum = %b, carry_out = %b", v00FB4D40_0, v00FB51B8_0, v00FB5000_0, v00FB5210_0, v00FB4F50_0;
    %set/v v00FB4D40_0, 0, 1;
    %set/v v00FB51B8_0, 0, 1;
    %set/v v00FB5000_0, 0, 1;
    %delay 10000, 0;
    %set/v v00FB4D40_0, 0, 1;
    %set/v v00FB51B8_0, 0, 1;
    %set/v v00FB5000_0, 1, 1;
    %delay 10000, 0;
    %set/v v00FB4D40_0, 0, 1;
    %set/v v00FB51B8_0, 1, 1;
    %set/v v00FB5000_0, 0, 1;
    %delay 10000, 0;
    %set/v v00FB4D40_0, 0, 1;
    %set/v v00FB51B8_0, 1, 1;
    %set/v v00FB5000_0, 1, 1;
    %delay 10000, 0;
    %set/v v00FB4D40_0, 1, 1;
    %set/v v00FB51B8_0, 0, 1;
    %set/v v00FB5000_0, 0, 1;
    %delay 10000, 0;
    %set/v v00FB4D40_0, 1, 1;
    %set/v v00FB51B8_0, 0, 1;
    %set/v v00FB5000_0, 1, 1;
    %delay 10000, 0;
    %set/v v00FB4D40_0, 1, 1;
    %set/v v00FB51B8_0, 1, 1;
    %set/v v00FB5000_0, 0, 1;
    %delay 10000, 0;
    %set/v v00FB4D40_0, 1, 1;
    %set/v v00FB51B8_0, 1, 1;
    %set/v v00FB5000_0, 1, 1;
    %delay 10000, 0;
    %vpi_call 2 27 "$finish";
    %end;
    .thread T_1;
# The file index is used to find the file name in the following table.
:file_names 4;
    "N/A";
    "<interactive>";
    "fullAdderTB.v";
    "fullAdder.v";
