#! /c/iverilog/bin/vvp
:ivl_version "0.9.7 " "(v0_9_7)";
:vpi_time_precision + 0;
:vpi_module "system";
:vpi_module "v2005_math";
:vpi_module "va_math";
S_01108150 .scope module, "mux_2_1tb" "mux_2_1tb" 2 1;
 .timescale 0 0;
v01101F18_0 .var/i "i", 31 0;
v01101F70_0 .var "i0", 0 0;
v01101FC8_0 .var "i1", 0 0;
v00FD33E8_0 .var "select", 0 0;
v00FD3440_0 .net "y", 0 0, L_00FD3498; 1 drivers
S_011080C8 .scope module, "dut" "mux_2_1" 2 6, 3 1, S_01108150;
 .timescale 0 0;
v01104CC8_0 .net "i0", 0 0, v01101F70_0; 1 drivers
v01104B00_0 .net "i1", 0 0, v01101FC8_0; 1 drivers
v01105B58_0 .net "select", 0 0, v00FD33E8_0; 1 drivers
v01105BB0_0 .alias "y", 0 0, v00FD3440_0;
L_00FD3498 .functor MUXZ 1, v01101F70_0, v01101FC8_0, v00FD33E8_0, C4<>;
    .scope S_01108150;
T_0 ;
    %vpi_call 2 9 "$dumpfile", "mux.vcd";
    %vpi_call 2 10 "$dumpvars", 1'sb0, S_01108150;
    %set/v v00FD33E8_0, 0, 1;
    %set/v v01101F70_0, 0, 1;
    %set/v v01101FC8_0, 0, 1;
    %set/v v01101F18_0, 0, 32;
T_0.0 ;
    %load/v 8, v01101F18_0, 32;
   %cmpi/s 8, 8, 32;
    %jmp/0xz T_0.1, 5;
    %load/v 8, v01101F18_0, 32;
    %set/v v01101FC8_0, 8, 1;
    %set/v v01101F70_0, 9, 1;
    %set/v v00FD33E8_0, 10, 1;
    %delay 10, 0;
    %ix/load 0, 1, 0;
    %load/vp0/s 8, v01101F18_0, 32;
    %set/v v01101F18_0, 8, 32;
    %jmp T_0.0;
T_0.1 ;
    %end;
    .thread T_0;
    .scope S_01108150;
T_1 ;
    %vpi_call 2 21 "$monitor", "Time=%4t | select = %b | i0 = %b | i1 = %b | y = %b", $time, v00FD33E8_0, v01101F70_0, v01101FC8_0, v00FD3440_0;
    %end;
    .thread T_1;
# The file index is used to find the file name in the following table.
:file_names 4;
    "N/A";
    "<interactive>";
    "muxTB.v";
    "mux.v";
