#! /c/iverilog/bin/vvp
:ivl_version "0.9.7 " "(v0_9_7)";
:vpi_time_precision + 0;
:vpi_module "system";
:vpi_module "v2005_math";
:vpi_module "va_math";
S_00878A60 .scope module, "decoder2_4TB" "decoder2_4TB" 2 1;
 .timescale 0 0;
v0087EAC0_0 .var "a", 0 0;
v0087EC20_0 .var "b", 0 0;
v0087ECD0_0 .var "en", 0 0;
v0087E6F8_0 .var/i "i", 31 0;
RS_00FD413C .resolv tri, L_0087EB70, L_0087E6A0, L_0087E750, L_0087E8B0;
v0087EB18_0 .net8 "y", 3 0, RS_00FD413C; 4 drivers
S_00878268 .scope module, "dut" "decoder2_4" 2 7, 3 2, S_00878A60;
 .timescale 0 0;
L_00871F10 .functor NOT 1, v0087EAC0_0, C4<0>, C4<0>, C4<0>;
L_00871F80 .functor AND 1, v0087ECD0_0, L_00871F10, C4<1>, C4<1>;
L_00872028 .functor NOT 1, v0087EC20_0, C4<0>, C4<0>, C4<0>;
L_0087EE08 .functor AND 1, L_00871F80, L_00872028, C4<1>, C4<1>;
L_0087EEE8 .functor NOT 1, v0087EAC0_0, C4<0>, C4<0>, C4<0>;
L_00FF8C70 .functor AND 1, v0087ECD0_0, L_0087EEE8, C4<1>, C4<1>;
L_00FF8F80 .functor AND 1, L_00FF8C70, v0087EC20_0, C4<1>, C4<1>;
L_00FF8CA8 .functor AND 1, v0087ECD0_0, v0087EAC0_0, C4<1>, C4<1>;
L_00FF8E68 .functor NOT 1, v0087EC20_0, C4<0>, C4<0>, C4<0>;
L_00FF8FB8 .functor AND 1, L_00FF8CA8, L_00FF8E68, C4<1>, C4<1>;
L_00FF8D18 .functor AND 1, v0087ECD0_0, v0087EAC0_0, C4<1>, C4<1>;
L_00FF8EA0 .functor AND 1, L_00FF8D18, v0087EC20_0, C4<1>, C4<1>;
v00879698_0 .net *"_s12", 0 0, L_0087EEE8; 1 drivers
v008796F0_0 .net *"_s14", 0 0, L_00FF8C70; 1 drivers
v00879748_0 .net *"_s16", 0 0, L_00FF8F80; 1 drivers
v00FD33B0_0 .net *"_s2", 0 0, L_00871F10; 1 drivers
v00FD3408_0 .net *"_s20", 0 0, L_00FF8CA8; 1 drivers
v0087E7A8_0 .net *"_s22", 0 0, L_00FF8E68; 1 drivers
v0087E908_0 .net *"_s24", 0 0, L_00FF8FB8; 1 drivers
v0087EC78_0 .net *"_s28", 0 0, L_00FF8D18; 1 drivers
v0087E800_0 .net *"_s30", 0 0, L_00FF8EA0; 1 drivers
v0087E5F0_0 .net *"_s4", 0 0, L_00871F80; 1 drivers
v0087EBC8_0 .net *"_s6", 0 0, L_00872028; 1 drivers
v0087E960_0 .net *"_s8", 0 0, L_0087EE08; 1 drivers
v0087EA68_0 .net "a", 0 0, v0087EAC0_0; 1 drivers
v0087E858_0 .net "b", 0 0, v0087EC20_0; 1 drivers
v0087EA10_0 .net "en", 0 0, v0087ECD0_0; 1 drivers
v0087E9B8_0 .alias "y", 3 0, v0087EB18_0;
L_0087EB70 .part/pv L_0087EE08, 0, 1, 4;
L_0087E6A0 .part/pv L_00FF8F80, 1, 1, 4;
L_0087E750 .part/pv L_00FF8FB8, 2, 1, 4;
L_0087E8B0 .part/pv L_00FF8EA0, 3, 1, 4;
    .scope S_00878A60;
T_0 ;
    %vpi_call 2 11 "$dumpfile", "decoder.vcd";
    %vpi_call 2 12 "$dumpvars", 1'sb0, S_00878A60;
    %set/v v0087ECD0_0, 0, 1;
    %set/v v0087EAC0_0, 0, 1;
    %set/v v0087EC20_0, 0, 1;
    %set/v v0087E6F8_0, 0, 32;
T_0.0 ;
    %load/v 8, v0087E6F8_0, 32;
   %cmpi/s 8, 8, 32;
    %jmp/0xz T_0.1, 5;
    %load/v 8, v0087E6F8_0, 32;
    %set/v v0087EC20_0, 8, 1;
    %set/v v0087EAC0_0, 9, 1;
    %set/v v0087ECD0_0, 10, 1;
    %delay 10, 0;
    %ix/load 0, 1, 0;
    %load/vp0/s 8, v0087E6F8_0, 32;
    %set/v v0087E6F8_0, 8, 32;
    %jmp T_0.0;
T_0.1 ;
    %end;
    .thread T_0;
    .scope S_00878A60;
T_1 ;
    %vpi_call 2 23 "$monitor", " time=%4t|en=%b |a=%b |b=%b |y=%b", $time, v0087ECD0_0, v0087EAC0_0, v0087EC20_0, v0087EB18_0;
    %end;
    .thread T_1;
    .scope S_00878A60;
T_2 ;
    %delay 100, 0;
    %vpi_call 2 24 "$finish";
    %end;
    .thread T_2;
# The file index is used to find the file name in the following table.
:file_names 4;
    "N/A";
    "<interactive>";
    "decodeTB.v";
    "decoder.v";
